<?xml version="1.0" encoding="UTF-8"?>
<!-- Generated by org.testng.reporters.JUnitXMLReporter -->
<testsuite ignored="0" hostname="Rajesh" failures="0" tests="2" name="Default test" time="42.45" errors="0" timestamp="2024-10-20T11:34:32 IST">
  <testcase classname="sprint6_Test_Rajesh.S6_013_Create_Case_Without_Mandatory_Fields" name="testCase_S6_013_Create_Case_Without_Mandatory_Fields" time="24.609">
    <skipped/>
  </testcase> <!-- testCase_S6_013_Create_Case_Without_Mandatory_Fields -->
  <testcase classname="sprint6_Test_Rajesh.S6_013_Create_Case_Without_Mandatory_Fields" name="testCase_S6_013_Create_Case_Without_Mandatory_Fields" time="14.84"/>
</testsuite> <!-- Default test -->
