<?xml version="1.0" encoding="UTF-8"?>
<!-- Generated by org.testng.reporters.JUnitXMLReporter -->
<testsuite ignored="0" hostname="Rajesh" failures="0" tests="2" name="old Saleforce account" time="70.261" errors="0" timestamp="2024-10-29T16:52:36 IST">
  <testcase classname="sprint6_Test_Rajesh.S6_89_Classic_NewAccount" name="testCase_S6_89_SalesForce_Classic_NewAccount" time="13.788"/>
  <testcase classname="sprint6_Test_Rajesh.S6_90_Vrfy_Newly_Created" name="testCase_S6_90_Verify_Newly_Created" time="67.288"/>
</testsuite> <!-- old Saleforce account -->
