<?xml version="1.0" encoding="UTF-8"?>
<!-- Generated by org.testng.reporters.JUnitXMLReporter -->
<testsuite ignored="0" hostname="Rajesh" failures="0" tests="14" name="sprint6_Jira_Rajesh" time="122.261" errors="0" timestamp="2024-10-29T16:54:02 IST">
  <testcase classname="sprint6_Test_Rajesh.S6_019_Create_Contact" name="testCase_S6_019_Create_Contact" time="19.142"/>
  <testcase classname="sprint6_Test_Rajesh.S6_013_Create_Case_Without_Mandatory_Fields" name="testCase_S6_013_Create_Case_Without_Mandatory_Fields" time="24.785"/>
  <testcase classname="sprint6_Test_Rajesh.S6_031_verify_Dashboards_SortOrder_By_DashboardName" name="testCase_S6_031_verify_Dashboards_SortOrder_By_DashboardName" time="29.495"/>
  <testcase classname="sprint6_Test_Rajesh.S6_70_Create_Leads_Without_Mandatory_Fields" name="testCase_S6_70_Create_Leads_Without_Mandatory_Fields" time="9.882">
    <skipped/>
  </testcase> <!-- testCase_S6_70_Create_Leads_Without_Mandatory_Fields -->
  <testcase classname="sprint6_Test_Rajesh.S6_037_VerifyAppStoreLoadedToDownloadSalesForceAStory" name="testCase_S6_037_VerifyAppStoreLoadedToDownloadSalesForceAStory" time="49.65"/>
  <testcase classname="sprint6_Test_Rajesh.S6_70_Create_Leads_Without_Mandatory_Fields" name="testCase_S6_70_Create_Leads_Without_Mandatory_Fields" time="8.418">
    <skipped/>
  </testcase> <!-- testCase_S6_70_Create_Leads_Without_Mandatory_Fields -->
  <testcase classname="sprint6_Test_Rajesh.S6_054_Add_Product" name="testCase_S6_054_Add_Product" time="34.311"/>
  <testcase classname="sprint6_Test_Rajesh.S6_025_Create_LegalEntity_Without_MandatoryFields" name="testCase_S6_025_createLegalEntityWithoutMandatoryFields" time="62.765">
    <skipped/>
  </testcase> <!-- testCase_S6_025_createLegalEntityWithoutMandatoryFields -->
  <testcase classname="sprint6_Test_Rajesh.S6_70_Create_Leads_Without_Mandatory_Fields" name="testCase_S6_70_Create_Leads_Without_Mandatory_Fields" time="11.987"/>
  <testcase classname="sprint6_Test_Rajesh.S6_71_Create_New_Contract" name="testCase_S6_71_Create_New_Contract" time="29.476"/>
  <testcase classname="sprint6_Test_Rajesh.S6_053_AddProductWithOpportunity" name="testCase_S6_053_verify_AddProductWithOpportunity" time="52.123">
    <skipped/>
  </testcase> <!-- testCase_S6_053_verify_AddProductWithOpportunity -->
  <testcase classname="sprint6_Test_Rajesh.S6_025_Create_LegalEntity_Without_MandatoryFields" name="testCase_S6_025_createLegalEntityWithoutMandatoryFields" time="25.272"/>
  <testcase classname="sprint6_Test_Rajesh.S6_72_Edit_Contract" name="testCase_S6_72_Edit_Contract" time="14.795"/>
  <testcase classname="sprint6_Test_Rajesh.S6_053_AddProductWithOpportunity" name="testCase_S6_053_verify_AddProductWithOpportunity" time="36.029"/>
</testsuite> <!-- sprint6_Jira_Rajesh -->
