<?xml version="1.0" encoding="UTF-8"?>
<testng-results ignored="0" total="1" passed="1" failed="0" skipped="0">
  <reporter-output>
  </reporter-output>
  <suite started-at="2024-10-20T17:42:40 IST" name="Suite" finished-at="2024-10-20T17:42:40 IST" duration-ms="37">
    <groups>
    </groups>
    <test started-at="2024-10-20T17:42:40 IST" name="Test" finished-at="2024-10-20T17:42:40 IST" duration-ms="37">
      <class name="sprint6_Gokul.TestClass">
        <test-method signature="simplemthod()[pri:0, instance:sprint6_Gokul.TestClass@7e7be63f]" started-at="2024-10-20T17:42:40 IST" name="simplemthod" finished-at="2024-10-20T17:42:40 IST" duration-ms="8" status="PASS">
          <reporter-output>
          </reporter-output>
        </test-method> <!-- simplemthod -->
      </class> <!-- sprint6_Gokul.TestClass -->
    </test> <!-- Test -->
  </suite> <!-- Suite -->
</testng-results>
