<?xml version="1.0" encoding="UTF-8"?>
<testng-results ignored="0" total="1" passed="1" failed="0" skipped="0">
  <reporter-output>
  </reporter-output>
  <suite started-at="2024-10-28T10:34:17 IST" name="Default suite" finished-at="2024-10-28T10:35:08 IST" duration-ms="50555">
    <groups>
    </groups>
    <test started-at="2024-10-28T10:34:17 IST" name="Default test" finished-at="2024-10-28T10:35:08 IST" duration-ms="50555">
      <class name="sprint6_Gokul.NbaPlayerExp">
        <test-method signature="playerExp()[pri:0, instance:sprint6_Gokul.NbaPlayerExp@618425b5]" started-at="2024-10-28T10:34:17 IST" name="playerExp" finished-at="2024-10-28T10:35:08 IST" duration-ms="50521" status="PASS">
          <reporter-output>
          </reporter-output>
        </test-method> <!-- playerExp -->
      </class> <!-- sprint6_Gokul.NbaPlayerExp -->
    </test> <!-- Default test -->
  </suite> <!-- Default suite -->
</testng-results>
