<?xml version="1.0" encoding="UTF-8"?>
<testng-results ignored="0" total="1" passed="1" failed="0" skipped="0">
  <reporter-output>
  </reporter-output>
  <suite started-at="2024-10-19T16:02:23 IST" name="Default suite" finished-at="2024-10-19T16:02:57 IST" duration-ms="34307">
    <groups>
    </groups>
    <test started-at="2024-10-19T16:02:23 IST" name="Default test" finished-at="2024-10-19T16:02:57 IST" duration-ms="34307">
      <class name="selenium_grid.Practise_Sel_Grid_Classroom">
        <test-method signature="createNewOrder()[pri:0, instance:selenium_grid.Practise_Sel_Grid_Classroom@f5acb9d]" started-at="2024-10-19T16:02:23 IST" name="createNewOrder" finished-at="2024-10-19T16:02:57 IST" duration-ms="34263" status="PASS">
          <reporter-output>
          </reporter-output>
        </test-method> <!-- createNewOrder -->
      </class> <!-- selenium_grid.Practise_Sel_Grid_Classroom -->
    </test> <!-- Default test -->
  </suite> <!-- Default suite -->
</testng-results>
