<?xml version="1.0" encoding="UTF-8"?>
<testng-results ignored="0" total="1" passed="1" failed="0" skipped="0">
  <reporter-output>
  </reporter-output>
  <suite started-at="2024-10-19T05:46:17 IST" name="Default suite" finished-at="2024-10-19T05:46:34 IST" duration-ms="17073">
    <groups>
    </groups>
    <test started-at="2024-10-19T05:46:17 IST" name="Default test" finished-at="2024-10-19T05:46:34 IST" duration-ms="17073">
      <class name="selenium.CreateNewRefund">
        <test-method signature="createNewOrder()[pri:0, instance:selenium.CreateNewRefund@1af2d44a]" started-at="2024-10-19T05:46:17 IST" name="createNewOrder" finished-at="2024-10-19T05:46:34 IST" duration-ms="17038" status="PASS">
          <reporter-output>
          </reporter-output>
        </test-method> <!-- createNewOrder -->
      </class> <!-- selenium.CreateNewRefund -->
    </test> <!-- Default test -->
  </suite> <!-- Default suite -->
</testng-results>
