<?xml version="1.0" encoding="UTF-8"?>
<testng-results ignored="0" total="1" passed="1" failed="0" skipped="0">
  <reporter-output>
  </reporter-output>
  <suite started-at="2024-11-06T03:03:42 IST" name="Default suite" finished-at="2024-11-06T03:04:07 IST" duration-ms="24153">
    <groups>
    </groups>
    <test started-at="2024-11-06T03:03:42 IST" name="Default test" finished-at="2024-11-06T03:04:07 IST" duration-ms="24153">
      <class name="sprint6_Gokul.ClassicNewAccount81">
        <test-method signature="newAccountMethod()[pri:0, instance:sprint6_Gokul.ClassicNewAccount81@f74e835]" started-at="2024-11-06T03:03:42 IST" name="newAccountMethod" finished-at="2024-11-06T03:04:06 IST" duration-ms="23736" status="PASS">
          <reporter-output>
          </reporter-output>
        </test-method> <!-- newAccountMethod -->
        <test-method is-config="true" signature="close()[pri:0, instance:sprint6_Gokul.ClassicNewAccount81@f74e835]" started-at="2024-11-06T03:04:06 IST" name="close" finished-at="2024-11-06T03:04:07 IST" duration-ms="394" status="PASS">
          <reporter-output>
          </reporter-output>
        </test-method> <!-- close -->
      </class> <!-- sprint6_Gokul.ClassicNewAccount81 -->
    </test> <!-- Default test -->
  </suite> <!-- Default suite -->
</testng-results>
