<?xml version="1.0" encoding="UTF-8"?>
<testng-results ignored="0" total="1" passed="1" failed="0" skipped="0">
  <reporter-output>
  </reporter-output>
  <suite started-at="2024-11-09T03:23:42 IST" name="Default suite" finished-at="2024-11-09T03:24:38 IST" duration-ms="56315">
    <groups>
    </groups>
    <test started-at="2024-11-09T03:23:42 IST" name="Default test" finished-at="2024-11-09T03:24:38 IST" duration-ms="56315">
      <class name="sprint6_Gokul.EditTask60">
        <test-method signature="editTaskMethod()[pri:0, instance:sprint6_Gokul.EditTask60@f6c03cb]" started-at="2024-11-09T03:23:42 IST" name="editTaskMethod" finished-at="2024-11-09T03:24:38 IST" duration-ms="56280" status="PASS">
          <reporter-output>
          </reporter-output>
        </test-method> <!-- editTaskMethod -->
      </class> <!-- sprint6_Gokul.EditTask60 -->
    </test> <!-- Default test -->
  </suite> <!-- Default suite -->
</testng-results>
