<?xml version="1.0" encoding="UTF-8"?>
<testng-results retried="4" ignored="0" total="18" passed="14" failed="0" skipped="0">
  <reporter-output>
  </reporter-output>
  <suite started-at="2024-10-29T16:51:26 IST" name="Suite" finished-at="2024-10-29T16:54:02 IST" duration-ms="156116">
    <groups>
      <group name="createContract">
        <method signature="S6_71_Create_New_Contract.testCase_S6_71_Create_New_Contract(java.lang.String,java.lang.String)[pri:0, instance:sprint6_Test_Rajesh.S6_71_Create_New_Contract@cecf639]" name="testCase_S6_71_Create_New_Contract" class="sprint6_Test_Rajesh.S6_71_Create_New_Contract"/>
      </group> <!-- createContract -->
    </groups>
    <test started-at="2024-10-29T16:51:26 IST" name="NBA_edge" finished-at="2024-10-29T16:52:00 IST" duration-ms="33820">
      <class name="sprint6_Test_Rajesh.NBATestCase">
        <test-method is-config="true" signature="browser(java.lang.String,java.lang.String)[pri:0, instance:sprint6_Test_Rajesh.NBATestCase@28261e8e]" started-at="2024-10-29T16:51:26 IST" name="browser" finished-at="2024-10-29T16:51:29 IST" duration-ms="2498" status="PASS">
          <params>
            <param index="0">
              <value>
                <![CDATA[edge]]>
              </value>
            </param>
            <param index="1">
              <value>
                <![CDATA[false]]>
              </value>
            </param>
          </params>
          <reporter-output>
          </reporter-output>
        </test-method> <!-- browser -->
        <test-method signature="testCase_NBA()[pri:0, instance:sprint6_Test_Rajesh.NBATestCase@28261e8e]" started-at="2024-10-29T16:51:29 IST" name="testCase_NBA" finished-at="2024-10-29T16:51:59 IST" duration-ms="29975" status="PASS">
          <reporter-output>
          </reporter-output>
        </test-method> <!-- testCase_NBA -->
        <test-method is-config="true" signature="tearDown()[pri:0, instance:sprint6_Test_Rajesh.NBATestCase@28261e8e]" started-at="2024-10-29T16:51:59 IST" name="tearDown" finished-at="2024-10-29T16:52:00 IST" duration-ms="1318" status="PASS">
          <reporter-output>
          </reporter-output>
        </test-method> <!-- tearDown -->
      </class> <!-- sprint6_Test_Rajesh.NBATestCase -->
    </test> <!-- NBA_edge -->
    <test started-at="2024-10-29T16:51:26 IST" name="NBA_chrome" finished-at="2024-10-29T16:52:07 IST" duration-ms="40814">
      <class name="sprint6_Test_Rajesh.NBATestCase">
        <test-method is-config="true" signature="browser(java.lang.String,java.lang.String)[pri:0, instance:sprint6_Test_Rajesh.NBATestCase@15043a2f]" started-at="2024-10-29T16:51:26 IST" name="browser" finished-at="2024-10-29T16:51:29 IST" duration-ms="2536" status="PASS">
          <params>
            <param index="0">
              <value>
                <![CDATA[chrome]]>
              </value>
            </param>
            <param index="1">
              <value>
                <![CDATA[false]]>
              </value>
            </param>
          </params>
          <reporter-output>
          </reporter-output>
        </test-method> <!-- browser -->
        <test-method signature="testCase_NBA()[pri:0, instance:sprint6_Test_Rajesh.NBATestCase@15043a2f]" started-at="2024-10-29T16:51:29 IST" name="testCase_NBA" finished-at="2024-10-29T16:52:07 IST" duration-ms="37803" status="PASS">
          <reporter-output>
          </reporter-output>
        </test-method> <!-- testCase_NBA -->
        <test-method is-config="true" signature="tearDown()[pri:0, instance:sprint6_Test_Rajesh.NBATestCase@15043a2f]" started-at="2024-10-29T16:52:07 IST" name="tearDown" finished-at="2024-10-29T16:52:07 IST" duration-ms="448" status="PASS">
          <reporter-output>
          </reporter-output>
        </test-method> <!-- tearDown -->
      </class> <!-- sprint6_Test_Rajesh.NBATestCase -->
    </test> <!-- NBA_chrome -->
    <test started-at="2024-10-29T16:51:26 IST" name="old Saleforce account" finished-at="2024-10-29T16:52:36 IST" duration-ms="70261">
      <class name="sprint6_Test_Rajesh.S6_90_Vrfy_Newly_Created">
        <test-method is-config="true" signature="browser(java.lang.String,java.lang.String)[pri:0, instance:sprint6_Test_Rajesh.S6_90_Vrfy_Newly_Created@6e6f2380]" started-at="2024-10-29T16:51:26 IST" name="browser" finished-at="2024-10-29T16:51:29 IST" duration-ms="2528" status="PASS">
          <params>
            <param index="0">
              <value>
                <![CDATA[chrome]]>
              </value>
            </param>
            <param index="1">
              <value>
                <![CDATA[false]]>
              </value>
            </param>
          </params>
          <reporter-output>
          </reporter-output>
        </test-method> <!-- browser -->
        <test-method signature="testCase_S6_90_Verify_Newly_Created(java.lang.String,java.lang.String)[pri:0, instance:sprint6_Test_Rajesh.S6_90_Vrfy_Newly_Created@6e6f2380]" started-at="2024-10-29T16:51:29 IST" name="testCase_S6_90_Verify_Newly_Created" finished-at="2024-10-29T16:52:36 IST" duration-ms="67288" status="PASS">
          <params>
            <param index="0">
              <value>
                <![CDATA[learners@testleaf.com]]>
              </value>
            </param>
            <param index="1">
              <value>
                <![CDATA[Leaf@1234]]>
              </value>
            </param>
          </params>
          <reporter-output>
          </reporter-output>
        </test-method> <!-- testCase_S6_90_Verify_Newly_Created -->
        <test-method is-config="true" signature="tearDown()[pri:0, instance:sprint6_Test_Rajesh.S6_90_Vrfy_Newly_Created@6e6f2380]" started-at="2024-10-29T16:52:36 IST" name="tearDown" finished-at="2024-10-29T16:52:36 IST" duration-ms="419" status="PASS">
          <reporter-output>
          </reporter-output>
        </test-method> <!-- tearDown -->
      </class> <!-- sprint6_Test_Rajesh.S6_90_Vrfy_Newly_Created -->
      <class name="sprint6_Test_Rajesh.S6_89_Classic_NewAccount">
        <test-method is-config="true" signature="browser(java.lang.String,java.lang.String)[pri:0, instance:sprint6_Test_Rajesh.S6_89_Classic_NewAccount@534a5a98]" started-at="2024-10-29T16:51:26 IST" name="browser" finished-at="2024-10-29T16:51:29 IST" duration-ms="2513" status="PASS">
          <params>
            <param index="0">
              <value>
                <![CDATA[chrome]]>
              </value>
            </param>
            <param index="1">
              <value>
                <![CDATA[false]]>
              </value>
            </param>
          </params>
          <reporter-output>
          </reporter-output>
        </test-method> <!-- browser -->
        <test-method signature="testCase_S6_89_SalesForce_Classic_NewAccount(java.lang.String,java.lang.String)[pri:0, instance:sprint6_Test_Rajesh.S6_89_Classic_NewAccount@534a5a98]" started-at="2024-10-29T16:51:29 IST" name="testCase_S6_89_SalesForce_Classic_NewAccount" finished-at="2024-10-29T16:51:42 IST" duration-ms="13788" status="PASS">
          <params>
            <param index="0">
              <value>
                <![CDATA[learners@testleaf.com]]>
              </value>
            </param>
            <param index="1">
              <value>
                <![CDATA[Leaf@1234]]>
              </value>
            </param>
          </params>
          <reporter-output>
          </reporter-output>
        </test-method> <!-- testCase_S6_89_SalesForce_Classic_NewAccount -->
        <test-method is-config="true" signature="tearDown()[pri:0, instance:sprint6_Test_Rajesh.S6_89_Classic_NewAccount@534a5a98]" started-at="2024-10-29T16:51:42 IST" name="tearDown" finished-at="2024-10-29T16:51:43 IST" duration-ms="399" status="PASS">
          <reporter-output>
          </reporter-output>
        </test-method> <!-- tearDown -->
      </class> <!-- sprint6_Test_Rajesh.S6_89_Classic_NewAccount -->
    </test> <!-- old Saleforce account -->
    <test started-at="2024-10-29T16:52:00 IST" name="sprint6_Jira_Rajesh" finished-at="2024-10-29T16:54:02 IST" duration-ms="122261">
      <class name="sprint6_Test_Rajesh.S6_031_verify_Dashboards_SortOrder_By_DashboardName">
        <test-method is-config="true" signature="browser(java.lang.String,java.lang.String)[pri:0, instance:sprint6_Test_Rajesh.S6_031_verify_Dashboards_SortOrder_By_DashboardName@6fa51cd4]" started-at="2024-10-29T16:52:00 IST" name="browser" finished-at="2024-10-29T16:52:03 IST" duration-ms="2875" status="PASS">
          <params>
            <param index="0">
              <value>
                <![CDATA[chrome]]>
              </value>
            </param>
            <param index="1">
              <value>
                <![CDATA[false]]>
              </value>
            </param>
          </params>
          <reporter-output>
          </reporter-output>
        </test-method> <!-- browser -->
        <test-method signature="testCase_S6_031_verify_Dashboards_SortOrder_By_DashboardName(java.lang.String,java.lang.String)[pri:0, instance:sprint6_Test_Rajesh.S6_031_verify_Dashboards_SortOrder_By_DashboardName@6fa51cd4]" started-at="2024-10-29T16:52:03 IST" name="testCase_S6_031_verify_Dashboards_SortOrder_By_DashboardName" finished-at="2024-10-29T16:52:32 IST" duration-ms="29495" status="PASS">
          <params>
            <param index="0">
              <value>
                <![CDATA[gokul.sekar@testleaf.com]]>
              </value>
            </param>
            <param index="1">
              <value>
                <![CDATA[Leaf@123]]>
              </value>
            </param>
          </params>
          <reporter-output>
          </reporter-output>
        </test-method> <!-- testCase_S6_031_verify_Dashboards_SortOrder_By_DashboardName -->
        <test-method is-config="true" signature="tearDown()[pri:0, instance:sprint6_Test_Rajesh.S6_031_verify_Dashboards_SortOrder_By_DashboardName@6fa51cd4]" started-at="2024-10-29T16:52:32 IST" name="tearDown" finished-at="2024-10-29T16:52:34 IST" duration-ms="1248" status="PASS">
          <reporter-output>
          </reporter-output>
        </test-method> <!-- tearDown -->
      </class> <!-- sprint6_Test_Rajesh.S6_031_verify_Dashboards_SortOrder_By_DashboardName -->
      <class name="sprint6_Test_Rajesh.S6_054_Add_Product">
        <test-method is-config="true" signature="browser(java.lang.String,java.lang.String)[pri:0, instance:sprint6_Test_Rajesh.S6_054_Add_Product@710c2b53]" started-at="2024-10-29T16:52:22 IST" name="browser" finished-at="2024-10-29T16:52:24 IST" duration-ms="1881" status="PASS">
          <params>
            <param index="0">
              <value>
                <![CDATA[chrome]]>
              </value>
            </param>
            <param index="1">
              <value>
                <![CDATA[false]]>
              </value>
            </param>
          </params>
          <reporter-output>
          </reporter-output>
        </test-method> <!-- browser -->
        <test-method signature="testCase_S6_054_Add_Product(java.lang.String,java.lang.String)[pri:0, instance:sprint6_Test_Rajesh.S6_054_Add_Product@710c2b53]" started-at="2024-10-29T16:52:24 IST" name="testCase_S6_054_Add_Product" finished-at="2024-10-29T16:52:58 IST" duration-ms="34311" status="PASS">
          <params>
            <param index="0">
              <value>
                <![CDATA[gokul.sekar@testleaf.com]]>
              </value>
            </param>
            <param index="1">
              <value>
                <![CDATA[Leaf@123]]>
              </value>
            </param>
          </params>
          <reporter-output>
          </reporter-output>
        </test-method> <!-- testCase_S6_054_Add_Product -->
        <test-method is-config="true" signature="tearDown()[pri:0, instance:sprint6_Test_Rajesh.S6_054_Add_Product@710c2b53]" started-at="2024-10-29T16:52:58 IST" name="tearDown" finished-at="2024-10-29T16:52:59 IST" duration-ms="405" status="PASS">
          <reporter-output>
          </reporter-output>
        </test-method> <!-- tearDown -->
      </class> <!-- sprint6_Test_Rajesh.S6_054_Add_Product -->
      <class name="sprint6_Test_Rajesh.S6_025_Create_LegalEntity_Without_MandatoryFields">
        <test-method is-config="true" signature="browser(java.lang.String,java.lang.String)[pri:0, instance:sprint6_Test_Rajesh.S6_025_Create_LegalEntity_Without_MandatoryFields@4681c175]" started-at="2024-10-29T16:52:00 IST" name="browser" finished-at="2024-10-29T16:52:03 IST" duration-ms="2801" status="PASS">
          <params>
            <param index="0">
              <value>
                <![CDATA[chrome]]>
              </value>
            </param>
            <param index="1">
              <value>
                <![CDATA[false]]>
              </value>
            </param>
          </params>
          <reporter-output>
          </reporter-output>
        </test-method> <!-- browser -->
        <test-method retried="true" signature="testCase_S6_025_createLegalEntityWithoutMandatoryFields(java.lang.String,java.lang.String)[pri:0, instance:sprint6_Test_Rajesh.S6_025_Create_LegalEntity_Without_MandatoryFields@4681c175]" started-at="2024-10-29T16:52:03 IST" name="testCase_S6_025_createLegalEntityWithoutMandatoryFields" finished-at="2024-10-29T16:53:06 IST" duration-ms="62765" status="SKIP">
          <params>
            <param index="0">
              <value>
                <![CDATA[gokul.sekar@testleaf.com]]>
              </value>
            </param>
            <param index="1">
              <value>
                <![CDATA[Leaf@123]]>
              </value>
            </param>
          </params>
          <exception class="org.openqa.selenium.NoSuchElementException">
            <message>
              <![CDATA[no such element: Unable to locate element: {"method":"xpath","selector":"//a[@title='Legal Entities'][1]//following::a[1]"}
  (Session info: chrome=130.0.6723.70)
For documentation on this error, please visit: https://www.selenium.dev/documentation/webdriver/troubleshooting/errors#no-such-element-exception
Build info: version: '4.25.0', revision: '8a8aea2337'
System info: os.name: 'Windows 10', os.arch: 'amd64', os.version: '10.0', java.version: '16.0.1'
Driver info: org.openqa.selenium.chrome.ChromeDriver
Command: [6869005bb7720d4cbcf863686a3d7101, findElement {using=xpath, value=//a[@title='Legal Entities'][1]//following::a[1]}]
Capabilities {acceptInsecureCerts: false, browserName: chrome, browserVersion: 130.0.6723.70, chrome: {chromedriverVersion: 130.0.6723.69 (3ec172b971b9..., userDataDir: C:\Users\rajes\AppData\Loca...}, fedcm:accounts: true, goog:chromeOptions: {debuggerAddress: localhost:50733}, networkConnectionEnabled: false, pageLoadStrategy: normal, platformName: windows, proxy: Proxy(), se:cdp: ws://localhost:50733/devtoo..., se:cdpVersion: 130.0.6723.70, setWindowRect: true, strictFileInteractability: false, timeouts: {implicit: 0, pageLoad: 300000, script: 30000}, unhandledPromptBehavior: dismiss and notify, webauthn:extension:credBlob: true, webauthn:extension:largeBlob: true, webauthn:extension:minPinLength: true, webauthn:extension:prf: true, webauthn:virtualAuthenticators: true}
Session ID: 6869005bb7720d4cbcf863686a3d7101]]>
            </message>
            <full-stacktrace>
              <![CDATA[org.openqa.selenium.NoSuchElementException: no such element: Unable to locate element: {"method":"xpath","selector":"//a[@title='Legal Entities'][1]//following::a[1]"}
  (Session info: chrome=130.0.6723.70)
For documentation on this error, please visit: https://www.selenium.dev/documentation/webdriver/troubleshooting/errors#no-such-element-exception
Build info: version: '4.25.0', revision: '8a8aea2337'
System info: os.name: 'Windows 10', os.arch: 'amd64', os.version: '10.0', java.version: '16.0.1'
Driver info: org.openqa.selenium.chrome.ChromeDriver
Command: [6869005bb7720d4cbcf863686a3d7101, findElement {using=xpath, value=//a[@title='Legal Entities'][1]//following::a[1]}]
Capabilities {acceptInsecureCerts: false, browserName: chrome, browserVersion: 130.0.6723.70, chrome: {chromedriverVersion: 130.0.6723.69 (3ec172b971b9..., userDataDir: C:\Users\rajes\AppData\Loca...}, fedcm:accounts: true, goog:chromeOptions: {debuggerAddress: localhost:50733}, networkConnectionEnabled: false, pageLoadStrategy: normal, platformName: windows, proxy: Proxy(), se:cdp: ws://localhost:50733/devtoo..., se:cdpVersion: 130.0.6723.70, setWindowRect: true, strictFileInteractability: false, timeouts: {implicit: 0, pageLoad: 300000, script: 30000}, unhandledPromptBehavior: dismiss and notify, webauthn:extension:credBlob: true, webauthn:extension:largeBlob: true, webauthn:extension:minPinLength: true, webauthn:extension:prf: true, webauthn:virtualAuthenticators: true}
Session ID: 6869005bb7720d4cbcf863686a3d7101
at java.base/jdk.internal.reflect.NativeConstructorAccessorImpl.newInstance0(Native Method)
at java.base/jdk.internal.reflect.NativeConstructorAccessorImpl.newInstance(NativeConstructorAccessorImpl.java:78)
at java.base/jdk.internal.reflect.DelegatingConstructorAccessorImpl.newInstance(DelegatingConstructorAccessorImpl.java:45)
at java.base/java.lang.reflect.Constructor.newInstanceWithCaller(Constructor.java:499)
at java.base/java.lang.reflect.Constructor.newInstance(Constructor.java:480)
at org.openqa.selenium.remote.ErrorCodec.decode(ErrorCodec.java:167)
at org.openqa.selenium.remote.codec.w3c.W3CHttpResponseCodec.decode(W3CHttpResponseCodec.java:138)
at org.openqa.selenium.remote.codec.w3c.W3CHttpResponseCodec.decode(W3CHttpResponseCodec.java:50)
at org.openqa.selenium.remote.HttpCommandExecutor.execute(HttpCommandExecutor.java:190)
at org.openqa.selenium.remote.service.DriverCommandExecutor.invokeExecute(DriverCommandExecutor.java:216)
at org.openqa.selenium.remote.service.DriverCommandExecutor.execute(DriverCommandExecutor.java:174)
at org.openqa.selenium.remote.RemoteWebDriver.execute(RemoteWebDriver.java:545)
at org.openqa.selenium.remote.ElementLocation$ElementFinder$2.findElement(ElementLocation.java:165)
at org.openqa.selenium.remote.ElementLocation.findElement(ElementLocation.java:59)
at org.openqa.selenium.remote.RemoteWebDriver.findElement(RemoteWebDriver.java:368)
at org.openqa.selenium.remote.RemoteWebDriver.findElement(RemoteWebDriver.java:362)
at sprint6_Rajesh.S6_25_CreateLegalEntityWithoutMandatoryFields.s6_025_createLegalEntityWithoutMandatoryFields(S6_25_CreateLegalEntityWithoutMandatoryFields.java:42)
at sprint6_Test_Rajesh.S6_025_Create_LegalEntity_Without_MandatoryFields.testCase_S6_025_createLegalEntityWithoutMandatoryFields(S6_025_Create_LegalEntity_Without_MandatoryFields.java:34)
at java.base/jdk.internal.reflect.NativeMethodAccessorImpl.invoke0(Native Method)
at java.base/jdk.internal.reflect.NativeMethodAccessorImpl.invoke(NativeMethodAccessorImpl.java:78)
at java.base/jdk.internal.reflect.DelegatingMethodAccessorImpl.invoke(DelegatingMethodAccessorImpl.java:43)
at java.base/java.lang.reflect.Method.invoke(Method.java:567)
at org.testng.internal.MethodInvocationHelper.invokeMethod(MethodInvocationHelper.java:133)
at org.testng.internal.TestInvoker.invokeMethod(TestInvoker.java:598)
at org.testng.internal.TestInvoker.invokeTestMethod(TestInvoker.java:173)
at org.testng.internal.MethodRunner.runInSequence(MethodRunner.java:46)
at org.testng.internal.TestInvoker$MethodInvocationAgent.invoke(TestInvoker.java:824)
at org.testng.internal.TestInvoker.invokeTestMethods(TestInvoker.java:146)
at org.testng.internal.TestMethodWorker.invokeTestMethods(TestMethodWorker.java:146)
at org.testng.internal.TestMethodWorker.run(TestMethodWorker.java:128)
at java.base/java.util.concurrent.ThreadPoolExecutor.runWorker(ThreadPoolExecutor.java:1130)
at java.base/java.util.concurrent.ThreadPoolExecutor$Worker.run(ThreadPoolExecutor.java:630)
at java.base/java.lang.Thread.run(Thread.java:831)
]]>
            </full-stacktrace>
          </exception> <!-- org.openqa.selenium.NoSuchElementException -->
          <reporter-output>
          </reporter-output>
        </test-method> <!-- testCase_S6_025_createLegalEntityWithoutMandatoryFields -->
        <test-method is-config="true" signature="tearDown()[pri:0, instance:sprint6_Test_Rajesh.S6_025_Create_LegalEntity_Without_MandatoryFields@4681c175]" started-at="2024-10-29T16:53:06 IST" name="tearDown" finished-at="2024-10-29T16:53:06 IST" duration-ms="395" status="PASS">
          <reporter-output>
          </reporter-output>
        </test-method> <!-- tearDown -->
        <test-method is-config="true" signature="browser(java.lang.String,java.lang.String)[pri:0, instance:sprint6_Test_Rajesh.S6_025_Create_LegalEntity_Without_MandatoryFields@4681c175]" started-at="2024-10-29T16:53:06 IST" name="browser" finished-at="2024-10-29T16:53:07 IST" duration-ms="1411" status="PASS">
          <params>
            <param index="0">
              <value>
                <![CDATA[chrome]]>
              </value>
            </param>
            <param index="1">
              <value>
                <![CDATA[false]]>
              </value>
            </param>
          </params>
          <reporter-output>
          </reporter-output>
        </test-method> <!-- browser -->
        <test-method signature="testCase_S6_025_createLegalEntityWithoutMandatoryFields(java.lang.String,java.lang.String)[pri:0, instance:sprint6_Test_Rajesh.S6_025_Create_LegalEntity_Without_MandatoryFields@4681c175]" started-at="2024-10-29T16:53:07 IST" name="testCase_S6_025_createLegalEntityWithoutMandatoryFields" finished-at="2024-10-29T16:53:33 IST" duration-ms="25272" status="PASS">
          <params>
            <param index="0">
              <value>
                <![CDATA[gokul.sekar@testleaf.com]]>
              </value>
            </param>
            <param index="1">
              <value>
                <![CDATA[Leaf@123]]>
              </value>
            </param>
          </params>
          <reporter-output>
          </reporter-output>
        </test-method> <!-- testCase_S6_025_createLegalEntityWithoutMandatoryFields -->
        <test-method is-config="true" signature="tearDown()[pri:0, instance:sprint6_Test_Rajesh.S6_025_Create_LegalEntity_Without_MandatoryFields@4681c175]" started-at="2024-10-29T16:53:33 IST" name="tearDown" finished-at="2024-10-29T16:53:33 IST" duration-ms="393" status="PASS">
          <reporter-output>
          </reporter-output>
        </test-method> <!-- tearDown -->
      </class> <!-- sprint6_Test_Rajesh.S6_025_Create_LegalEntity_Without_MandatoryFields -->
      <class name="sprint6_Test_Rajesh.S6_013_Create_Case_Without_Mandatory_Fields">
        <test-method is-config="true" signature="browser(java.lang.String,java.lang.String)[pri:0, instance:sprint6_Test_Rajesh.S6_013_Create_Case_Without_Mandatory_Fields@48bb62]" started-at="2024-10-29T16:52:00 IST" name="browser" finished-at="2024-10-29T16:52:03 IST" duration-ms="2600" status="PASS">
          <params>
            <param index="0">
              <value>
                <![CDATA[chrome]]>
              </value>
            </param>
            <param index="1">
              <value>
                <![CDATA[false]]>
              </value>
            </param>
          </params>
          <reporter-output>
          </reporter-output>
        </test-method> <!-- browser -->
        <test-method signature="testCase_S6_013_Create_Case_Without_Mandatory_Fields(java.lang.String,java.lang.String)[pri:0, instance:sprint6_Test_Rajesh.S6_013_Create_Case_Without_Mandatory_Fields@48bb62]" started-at="2024-10-29T16:52:03 IST" name="testCase_S6_013_Create_Case_Without_Mandatory_Fields" finished-at="2024-10-29T16:52:27 IST" duration-ms="24785" status="PASS">
          <params>
            <param index="0">
              <value>
                <![CDATA[gokul.sekar@testleaf.com]]>
              </value>
            </param>
            <param index="1">
              <value>
                <![CDATA[Leaf@123]]>
              </value>
            </param>
          </params>
          <reporter-output>
          </reporter-output>
        </test-method> <!-- testCase_S6_013_Create_Case_Without_Mandatory_Fields -->
        <test-method is-config="true" signature="tearDown()[pri:0, instance:sprint6_Test_Rajesh.S6_013_Create_Case_Without_Mandatory_Fields@48bb62]" started-at="2024-10-29T16:52:27 IST" name="tearDown" finished-at="2024-10-29T16:52:29 IST" duration-ms="1663" status="PASS">
          <reporter-output>
          </reporter-output>
        </test-method> <!-- tearDown -->
      </class> <!-- sprint6_Test_Rajesh.S6_013_Create_Case_Without_Mandatory_Fields -->
      <class name="sprint6_Test_Rajesh.S6_053_AddProductWithOpportunity">
        <test-method is-config="true" signature="browser(java.lang.String,java.lang.String)[pri:0, instance:sprint6_Test_Rajesh.S6_053_AddProductWithOpportunity@5386659f]" started-at="2024-10-29T16:52:29 IST" name="browser" finished-at="2024-10-29T16:52:32 IST" duration-ms="2677" status="PASS">
          <params>
            <param index="0">
              <value>
                <![CDATA[chrome]]>
              </value>
            </param>
            <param index="1">
              <value>
                <![CDATA[false]]>
              </value>
            </param>
          </params>
          <reporter-output>
          </reporter-output>
        </test-method> <!-- browser -->
        <test-method retried="true" signature="testCase_S6_053_verify_AddProductWithOpportunity(java.lang.String,java.lang.String)[pri:0, instance:sprint6_Test_Rajesh.S6_053_AddProductWithOpportunity@5386659f]" started-at="2024-10-29T16:52:32 IST" name="testCase_S6_053_verify_AddProductWithOpportunity" finished-at="2024-10-29T16:53:24 IST" duration-ms="52123" status="SKIP">
          <params>
            <param index="0">
              <value>
                <![CDATA[gokul.sekar@testleaf.com]]>
              </value>
            </param>
            <param index="1">
              <value>
                <![CDATA[Leaf@123]]>
              </value>
            </param>
          </params>
          <exception class="org.openqa.selenium.NoSuchElementException">
            <message>
              <![CDATA[no such element: Unable to locate element: {"method":"xpath","selector":"//button[@title='Close']//following::button"}
  (Session info: chrome=130.0.6723.70)
For documentation on this error, please visit: https://www.selenium.dev/documentation/webdriver/troubleshooting/errors#no-such-element-exception
Build info: version: '4.25.0', revision: '8a8aea2337'
System info: os.name: 'Windows 10', os.arch: 'amd64', os.version: '10.0', java.version: '16.0.1'
Driver info: org.openqa.selenium.chrome.ChromeDriver
Command: [de289b90d6f89f3012bd43cba9d17010, findElement {using=xpath, value=//button[@title='Close']//following::button}]
Capabilities {acceptInsecureCerts: false, browserName: chrome, browserVersion: 130.0.6723.70, chrome: {chromedriverVersion: 130.0.6723.69 (3ec172b971b9..., userDataDir: C:\Users\rajes\AppData\Loca...}, fedcm:accounts: true, goog:chromeOptions: {debuggerAddress: localhost:51026}, networkConnectionEnabled: false, pageLoadStrategy: normal, platformName: windows, proxy: Proxy(), se:cdp: ws://localhost:51026/devtoo..., se:cdpVersion: 130.0.6723.70, setWindowRect: true, strictFileInteractability: false, timeouts: {implicit: 0, pageLoad: 300000, script: 30000}, unhandledPromptBehavior: dismiss and notify, webauthn:extension:credBlob: true, webauthn:extension:largeBlob: true, webauthn:extension:minPinLength: true, webauthn:extension:prf: true, webauthn:virtualAuthenticators: true}
Session ID: de289b90d6f89f3012bd43cba9d17010]]>
            </message>
            <full-stacktrace>
              <![CDATA[org.openqa.selenium.NoSuchElementException: no such element: Unable to locate element: {"method":"xpath","selector":"//button[@title='Close']//following::button"}
  (Session info: chrome=130.0.6723.70)
For documentation on this error, please visit: https://www.selenium.dev/documentation/webdriver/troubleshooting/errors#no-such-element-exception
Build info: version: '4.25.0', revision: '8a8aea2337'
System info: os.name: 'Windows 10', os.arch: 'amd64', os.version: '10.0', java.version: '16.0.1'
Driver info: org.openqa.selenium.chrome.ChromeDriver
Command: [de289b90d6f89f3012bd43cba9d17010, findElement {using=xpath, value=//button[@title='Close']//following::button}]
Capabilities {acceptInsecureCerts: false, browserName: chrome, browserVersion: 130.0.6723.70, chrome: {chromedriverVersion: 130.0.6723.69 (3ec172b971b9..., userDataDir: C:\Users\rajes\AppData\Loca...}, fedcm:accounts: true, goog:chromeOptions: {debuggerAddress: localhost:51026}, networkConnectionEnabled: false, pageLoadStrategy: normal, platformName: windows, proxy: Proxy(), se:cdp: ws://localhost:51026/devtoo..., se:cdpVersion: 130.0.6723.70, setWindowRect: true, strictFileInteractability: false, timeouts: {implicit: 0, pageLoad: 300000, script: 30000}, unhandledPromptBehavior: dismiss and notify, webauthn:extension:credBlob: true, webauthn:extension:largeBlob: true, webauthn:extension:minPinLength: true, webauthn:extension:prf: true, webauthn:virtualAuthenticators: true}
Session ID: de289b90d6f89f3012bd43cba9d17010
at java.base/jdk.internal.reflect.NativeConstructorAccessorImpl.newInstance0(Native Method)
at java.base/jdk.internal.reflect.NativeConstructorAccessorImpl.newInstance(NativeConstructorAccessorImpl.java:78)
at java.base/jdk.internal.reflect.DelegatingConstructorAccessorImpl.newInstance(DelegatingConstructorAccessorImpl.java:45)
at java.base/java.lang.reflect.Constructor.newInstanceWithCaller(Constructor.java:499)
at java.base/java.lang.reflect.Constructor.newInstance(Constructor.java:480)
at org.openqa.selenium.remote.ErrorCodec.decode(ErrorCodec.java:167)
at org.openqa.selenium.remote.codec.w3c.W3CHttpResponseCodec.decode(W3CHttpResponseCodec.java:138)
at org.openqa.selenium.remote.codec.w3c.W3CHttpResponseCodec.decode(W3CHttpResponseCodec.java:50)
at org.openqa.selenium.remote.HttpCommandExecutor.execute(HttpCommandExecutor.java:190)
at org.openqa.selenium.remote.service.DriverCommandExecutor.invokeExecute(DriverCommandExecutor.java:216)
at org.openqa.selenium.remote.service.DriverCommandExecutor.execute(DriverCommandExecutor.java:174)
at org.openqa.selenium.remote.RemoteWebDriver.execute(RemoteWebDriver.java:545)
at org.openqa.selenium.remote.ElementLocation$ElementFinder$2.findElement(ElementLocation.java:165)
at org.openqa.selenium.remote.ElementLocation.findElement(ElementLocation.java:59)
at org.openqa.selenium.remote.RemoteWebDriver.findElement(RemoteWebDriver.java:368)
at org.openqa.selenium.remote.RemoteWebDriver.findElement(RemoteWebDriver.java:362)
at sprint6_Rajesh.S6_53_AddProductWithOpportunity.addProduct(S6_53_AddProductWithOpportunity.java:26)
at sprint6_Test_Rajesh.S6_053_AddProductWithOpportunity.testCase_S6_053_verify_AddProductWithOpportunity(S6_053_AddProductWithOpportunity.java:31)
at java.base/jdk.internal.reflect.NativeMethodAccessorImpl.invoke0(Native Method)
at java.base/jdk.internal.reflect.NativeMethodAccessorImpl.invoke(NativeMethodAccessorImpl.java:78)
at java.base/jdk.internal.reflect.DelegatingMethodAccessorImpl.invoke(DelegatingMethodAccessorImpl.java:43)
at java.base/java.lang.reflect.Method.invoke(Method.java:567)
at org.testng.internal.MethodInvocationHelper.invokeMethod(MethodInvocationHelper.java:133)
at org.testng.internal.TestInvoker.invokeMethod(TestInvoker.java:598)
at org.testng.internal.TestInvoker.invokeTestMethod(TestInvoker.java:173)
at org.testng.internal.MethodRunner.runInSequence(MethodRunner.java:46)
at org.testng.internal.TestInvoker$MethodInvocationAgent.invoke(TestInvoker.java:824)
at org.testng.internal.TestInvoker.invokeTestMethods(TestInvoker.java:146)
at org.testng.internal.TestMethodWorker.invokeTestMethods(TestMethodWorker.java:146)
at org.testng.internal.TestMethodWorker.run(TestMethodWorker.java:128)
at java.base/java.util.concurrent.ThreadPoolExecutor.runWorker(ThreadPoolExecutor.java:1130)
at java.base/java.util.concurrent.ThreadPoolExecutor$Worker.run(ThreadPoolExecutor.java:630)
at java.base/java.lang.Thread.run(Thread.java:831)
]]>
            </full-stacktrace>
          </exception> <!-- org.openqa.selenium.NoSuchElementException -->
          <reporter-output>
          </reporter-output>
        </test-method> <!-- testCase_S6_053_verify_AddProductWithOpportunity -->
        <test-method is-config="true" signature="tearDown()[pri:0, instance:sprint6_Test_Rajesh.S6_053_AddProductWithOpportunity@5386659f]" started-at="2024-10-29T16:53:24 IST" name="tearDown" finished-at="2024-10-29T16:53:24 IST" duration-ms="423" status="PASS">
          <reporter-output>
          </reporter-output>
        </test-method> <!-- tearDown -->
        <test-method is-config="true" signature="browser(java.lang.String,java.lang.String)[pri:0, instance:sprint6_Test_Rajesh.S6_053_AddProductWithOpportunity@5386659f]" started-at="2024-10-29T16:53:24 IST" name="browser" finished-at="2024-10-29T16:53:26 IST" duration-ms="1573" status="PASS">
          <params>
            <param index="0">
              <value>
                <![CDATA[chrome]]>
              </value>
            </param>
            <param index="1">
              <value>
                <![CDATA[false]]>
              </value>
            </param>
          </params>
          <reporter-output>
          </reporter-output>
        </test-method> <!-- browser -->
        <test-method signature="testCase_S6_053_verify_AddProductWithOpportunity(java.lang.String,java.lang.String)[pri:0, instance:sprint6_Test_Rajesh.S6_053_AddProductWithOpportunity@5386659f]" started-at="2024-10-29T16:53:26 IST" name="testCase_S6_053_verify_AddProductWithOpportunity" finished-at="2024-10-29T16:54:02 IST" duration-ms="36029" status="PASS">
          <params>
            <param index="0">
              <value>
                <![CDATA[gokul.sekar@testleaf.com]]>
              </value>
            </param>
            <param index="1">
              <value>
                <![CDATA[Leaf@123]]>
              </value>
            </param>
          </params>
          <reporter-output>
          </reporter-output>
        </test-method> <!-- testCase_S6_053_verify_AddProductWithOpportunity -->
        <test-method is-config="true" signature="tearDown()[pri:0, instance:sprint6_Test_Rajesh.S6_053_AddProductWithOpportunity@5386659f]" started-at="2024-10-29T16:54:02 IST" name="tearDown" finished-at="2024-10-29T16:54:02 IST" duration-ms="378" status="PASS">
          <reporter-output>
          </reporter-output>
        </test-method> <!-- tearDown -->
      </class> <!-- sprint6_Test_Rajesh.S6_053_AddProductWithOpportunity -->
      <class name="sprint6_Test_Rajesh.S6_70_Create_Leads_Without_Mandatory_Fields">
        <test-method is-config="true" signature="browser(java.lang.String,java.lang.String)[pri:0, instance:sprint6_Test_Rajesh.S6_70_Create_Leads_Without_Mandatory_Fields@14028087]" started-at="2024-10-29T16:52:34 IST" name="browser" finished-at="2024-10-29T16:52:36 IST" duration-ms="1917" status="PASS">
          <params>
            <param index="0">
              <value>
                <![CDATA[chrome]]>
              </value>
            </param>
            <param index="1">
              <value>
                <![CDATA[false]]>
              </value>
            </param>
          </params>
          <reporter-output>
          </reporter-output>
        </test-method> <!-- browser -->
        <test-method retried="true" signature="testCase_S6_70_Create_Leads_Without_Mandatory_Fields(java.lang.String,java.lang.String)[pri:0, instance:sprint6_Test_Rajesh.S6_70_Create_Leads_Without_Mandatory_Fields@14028087]" started-at="2024-10-29T16:52:36 IST" name="testCase_S6_70_Create_Leads_Without_Mandatory_Fields" finished-at="2024-10-29T16:52:45 IST" duration-ms="9882" status="SKIP">
          <params>
            <param index="0">
              <value>
                <![CDATA[gokul.sekar@testleaf.com]]>
              </value>
            </param>
            <param index="1">
              <value>
                <![CDATA[Leaf@123]]>
              </value>
            </param>
          </params>
          <exception class="org.openqa.selenium.ElementClickInterceptedException">
            <message>
              <![CDATA[element click intercepted: Element <p style="display: inline" class="slds-truncate" lwc-4nfn2rc40ch="">...</p> is not clickable at point (658, 444). Other element would receive the click: <lightning-spinner lwc-72pl72prujq="" size="medium" variant="brand" class="slds-spinner_container" lwc-47dd688sbro-host=""></lightning-spinner>
  (Session info: chrome=130.0.6723.70)
Build info: version: '4.25.0', revision: '8a8aea2337'
System info: os.name: 'Windows 10', os.arch: 'amd64', os.version: '10.0', java.version: '16.0.1'
Driver info: org.openqa.selenium.chrome.ChromeDriver
Command: [aee721168ba5541a7551afafaf729a56, clickElement {id=f.BCE2634E2EF48C00A4C0BA694D2E0820.d.C0F70F6DCCE0FAF52694A2ADEED5489E.e.118}]
Capabilities {acceptInsecureCerts: false, browserName: chrome, browserVersion: 130.0.6723.70, chrome: {chromedriverVersion: 130.0.6723.69 (3ec172b971b9..., userDataDir: C:\Users\rajes\AppData\Loca...}, fedcm:accounts: true, goog:chromeOptions: {debuggerAddress: localhost:51118}, networkConnectionEnabled: false, pageLoadStrategy: normal, platformName: windows, proxy: Proxy(), se:cdp: ws://localhost:51118/devtoo..., se:cdpVersion: 130.0.6723.70, setWindowRect: true, strictFileInteractability: false, timeouts: {implicit: 0, pageLoad: 300000, script: 30000}, unhandledPromptBehavior: dismiss and notify, webauthn:extension:credBlob: true, webauthn:extension:largeBlob: true, webauthn:extension:minPinLength: true, webauthn:extension:prf: true, webauthn:virtualAuthenticators: true}
Element: [[ChromeDriver: chrome on windows (aee721168ba5541a7551afafaf729a56)] -> xpath: //p[text()='Sales']]
Session ID: aee721168ba5541a7551afafaf729a56]]>
            </message>
            <full-stacktrace>
              <![CDATA[org.openqa.selenium.ElementClickInterceptedException: element click intercepted: Element <p style="display: inline" class="slds-truncate" lwc-4nfn2rc40ch="">...</p> is not clickable at point (658, 444). Other element would receive the click: <lightning-spinner lwc-72pl72prujq="" size="medium" variant="brand" class="slds-spinner_container" lwc-47dd688sbro-host=""></lightning-spinner>
  (Session info: chrome=130.0.6723.70)
Build info: version: '4.25.0', revision: '8a8aea2337'
System info: os.name: 'Windows 10', os.arch: 'amd64', os.version: '10.0', java.version: '16.0.1'
Driver info: org.openqa.selenium.chrome.ChromeDriver
Command: [aee721168ba5541a7551afafaf729a56, clickElement {id=f.BCE2634E2EF48C00A4C0BA694D2E0820.d.C0F70F6DCCE0FAF52694A2ADEED5489E.e.118}]
Capabilities {acceptInsecureCerts: false, browserName: chrome, browserVersion: 130.0.6723.70, chrome: {chromedriverVersion: 130.0.6723.69 (3ec172b971b9..., userDataDir: C:\Users\rajes\AppData\Loca...}, fedcm:accounts: true, goog:chromeOptions: {debuggerAddress: localhost:51118}, networkConnectionEnabled: false, pageLoadStrategy: normal, platformName: windows, proxy: Proxy(), se:cdp: ws://localhost:51118/devtoo..., se:cdpVersion: 130.0.6723.70, setWindowRect: true, strictFileInteractability: false, timeouts: {implicit: 0, pageLoad: 300000, script: 30000}, unhandledPromptBehavior: dismiss and notify, webauthn:extension:credBlob: true, webauthn:extension:largeBlob: true, webauthn:extension:minPinLength: true, webauthn:extension:prf: true, webauthn:virtualAuthenticators: true}
Element: [[ChromeDriver: chrome on windows (aee721168ba5541a7551afafaf729a56)] -> xpath: //p[text()='Sales']]
Session ID: aee721168ba5541a7551afafaf729a56
at java.base/jdk.internal.reflect.NativeConstructorAccessorImpl.newInstance0(Native Method)
at java.base/jdk.internal.reflect.NativeConstructorAccessorImpl.newInstance(NativeConstructorAccessorImpl.java:78)
at java.base/jdk.internal.reflect.DelegatingConstructorAccessorImpl.newInstance(DelegatingConstructorAccessorImpl.java:45)
at java.base/java.lang.reflect.Constructor.newInstanceWithCaller(Constructor.java:499)
at java.base/java.lang.reflect.Constructor.newInstance(Constructor.java:480)
at org.openqa.selenium.remote.ErrorCodec.decode(ErrorCodec.java:167)
at org.openqa.selenium.remote.codec.w3c.W3CHttpResponseCodec.decode(W3CHttpResponseCodec.java:138)
at org.openqa.selenium.remote.codec.w3c.W3CHttpResponseCodec.decode(W3CHttpResponseCodec.java:50)
at org.openqa.selenium.remote.HttpCommandExecutor.execute(HttpCommandExecutor.java:190)
at org.openqa.selenium.remote.service.DriverCommandExecutor.invokeExecute(DriverCommandExecutor.java:216)
at org.openqa.selenium.remote.service.DriverCommandExecutor.execute(DriverCommandExecutor.java:174)
at org.openqa.selenium.remote.RemoteWebDriver.execute(RemoteWebDriver.java:545)
at org.openqa.selenium.remote.RemoteWebElement.execute(RemoteWebElement.java:223)
at org.openqa.selenium.remote.RemoteWebElement.click(RemoteWebElement.java:76)
at sprint6_Rajesh.S6_70CreateLeadsWithoutMandatoryFields.s6_70_Create_Leads_Without_Mandatory_Fields(S6_70CreateLeadsWithoutMandatoryFields.java:36)
at sprint6_Test_Rajesh.S6_70_Create_Leads_Without_Mandatory_Fields.testCase_S6_70_Create_Leads_Without_Mandatory_Fields(S6_70_Create_Leads_Without_Mandatory_Fields.java:34)
at java.base/jdk.internal.reflect.NativeMethodAccessorImpl.invoke0(Native Method)
at java.base/jdk.internal.reflect.NativeMethodAccessorImpl.invoke(NativeMethodAccessorImpl.java:78)
at java.base/jdk.internal.reflect.DelegatingMethodAccessorImpl.invoke(DelegatingMethodAccessorImpl.java:43)
at java.base/java.lang.reflect.Method.invoke(Method.java:567)
at org.testng.internal.MethodInvocationHelper.invokeMethod(MethodInvocationHelper.java:133)
at org.testng.internal.TestInvoker.invokeMethod(TestInvoker.java:598)
at org.testng.internal.TestInvoker.invokeTestMethod(TestInvoker.java:173)
at org.testng.internal.MethodRunner.runInSequence(MethodRunner.java:46)
at org.testng.internal.TestInvoker$MethodInvocationAgent.invoke(TestInvoker.java:824)
at org.testng.internal.TestInvoker.invokeTestMethods(TestInvoker.java:146)
at org.testng.internal.TestMethodWorker.invokeTestMethods(TestMethodWorker.java:146)
at org.testng.internal.TestMethodWorker.run(TestMethodWorker.java:128)
at java.base/java.util.concurrent.ThreadPoolExecutor.runWorker(ThreadPoolExecutor.java:1130)
at java.base/java.util.concurrent.ThreadPoolExecutor$Worker.run(ThreadPoolExecutor.java:630)
at java.base/java.lang.Thread.run(Thread.java:831)
]]>
            </full-stacktrace>
          </exception> <!-- org.openqa.selenium.ElementClickInterceptedException -->
          <reporter-output>
          </reporter-output>
        </test-method> <!-- testCase_S6_70_Create_Leads_Without_Mandatory_Fields -->
        <test-method is-config="true" signature="tearDown()[pri:0, instance:sprint6_Test_Rajesh.S6_70_Create_Leads_Without_Mandatory_Fields@14028087]" started-at="2024-10-29T16:52:45 IST" name="tearDown" finished-at="2024-10-29T16:52:46 IST" duration-ms="457" status="PASS">
          <reporter-output>
          </reporter-output>
        </test-method> <!-- tearDown -->
        <test-method is-config="true" signature="browser(java.lang.String,java.lang.String)[pri:0, instance:sprint6_Test_Rajesh.S6_70_Create_Leads_Without_Mandatory_Fields@14028087]" started-at="2024-10-29T16:52:46 IST" name="browser" finished-at="2024-10-29T16:52:48 IST" duration-ms="1769" status="PASS">
          <params>
            <param index="0">
              <value>
                <![CDATA[chrome]]>
              </value>
            </param>
            <param index="1">
              <value>
                <![CDATA[false]]>
              </value>
            </param>
          </params>
          <reporter-output>
          </reporter-output>
        </test-method> <!-- browser -->
        <test-method retried="true" signature="testCase_S6_70_Create_Leads_Without_Mandatory_Fields(java.lang.String,java.lang.String)[pri:0, instance:sprint6_Test_Rajesh.S6_70_Create_Leads_Without_Mandatory_Fields@14028087]" started-at="2024-10-29T16:52:48 IST" name="testCase_S6_70_Create_Leads_Without_Mandatory_Fields" finished-at="2024-10-29T16:52:56 IST" duration-ms="8418" status="SKIP">
          <params>
            <param index="0">
              <value>
                <![CDATA[gokul.sekar@testleaf.com]]>
              </value>
            </param>
            <param index="1">
              <value>
                <![CDATA[Leaf@123]]>
              </value>
            </param>
          </params>
          <exception class="org.openqa.selenium.StaleElementReferenceException">
            <message>
              <![CDATA[stale element reference: stale element not found in the current frame
  (Session info: chrome=130.0.6723.70)
For documentation on this error, please visit: https://www.selenium.dev/documentation/webdriver/troubleshooting/errors#stale-element-reference-exception
Build info: version: '4.25.0', revision: '8a8aea2337'
System info: os.name: 'Windows 10', os.arch: 'amd64', os.version: '10.0', java.version: '16.0.1'
Driver info: org.openqa.selenium.chrome.ChromeDriver
Command: [3451eca8fd4d528b227e8c297ce326cb, isElementDisplayed {id=f.12102416D05BDFA02A16873F72C9B073.d.03B8314C38906D93FA946FCF288A1AE6.e.63}]
Capabilities {acceptInsecureCerts: false, browserName: chrome, browserVersion: 130.0.6723.70, chrome: {chromedriverVersion: 130.0.6723.69 (3ec172b971b9..., userDataDir: C:\Users\rajes\AppData\Loca...}, fedcm:accounts: true, goog:chromeOptions: {debuggerAddress: localhost:51201}, networkConnectionEnabled: false, pageLoadStrategy: normal, platformName: windows, proxy: Proxy(), se:cdp: ws://localhost:51201/devtoo..., se:cdpVersion: 130.0.6723.70, setWindowRect: true, strictFileInteractability: false, timeouts: {implicit: 0, pageLoad: 300000, script: 30000}, unhandledPromptBehavior: dismiss and notify, webauthn:extension:credBlob: true, webauthn:extension:largeBlob: true, webauthn:extension:minPinLength: true, webauthn:extension:prf: true, webauthn:virtualAuthenticators: true}
Element: [[ChromeDriver: chrome on windows (3451eca8fd4d528b227e8c297ce326cb)] -> xpath: //button[text()='View All']]
Session ID: 3451eca8fd4d528b227e8c297ce326cb]]>
            </message>
            <full-stacktrace>
              <![CDATA[org.openqa.selenium.StaleElementReferenceException: stale element reference: stale element not found in the current frame
  (Session info: chrome=130.0.6723.70)
For documentation on this error, please visit: https://www.selenium.dev/documentation/webdriver/troubleshooting/errors#stale-element-reference-exception
Build info: version: '4.25.0', revision: '8a8aea2337'
System info: os.name: 'Windows 10', os.arch: 'amd64', os.version: '10.0', java.version: '16.0.1'
Driver info: org.openqa.selenium.chrome.ChromeDriver
Command: [3451eca8fd4d528b227e8c297ce326cb, isElementDisplayed {id=f.12102416D05BDFA02A16873F72C9B073.d.03B8314C38906D93FA946FCF288A1AE6.e.63}]
Capabilities {acceptInsecureCerts: false, browserName: chrome, browserVersion: 130.0.6723.70, chrome: {chromedriverVersion: 130.0.6723.69 (3ec172b971b9..., userDataDir: C:\Users\rajes\AppData\Loca...}, fedcm:accounts: true, goog:chromeOptions: {debuggerAddress: localhost:51201}, networkConnectionEnabled: false, pageLoadStrategy: normal, platformName: windows, proxy: Proxy(), se:cdp: ws://localhost:51201/devtoo..., se:cdpVersion: 130.0.6723.70, setWindowRect: true, strictFileInteractability: false, timeouts: {implicit: 0, pageLoad: 300000, script: 30000}, unhandledPromptBehavior: dismiss and notify, webauthn:extension:credBlob: true, webauthn:extension:largeBlob: true, webauthn:extension:minPinLength: true, webauthn:extension:prf: true, webauthn:virtualAuthenticators: true}
Element: [[ChromeDriver: chrome on windows (3451eca8fd4d528b227e8c297ce326cb)] -> xpath: //button[text()='View All']]
Session ID: 3451eca8fd4d528b227e8c297ce326cb
at java.base/jdk.internal.reflect.NativeConstructorAccessorImpl.newInstance0(Native Method)
at java.base/jdk.internal.reflect.NativeConstructorAccessorImpl.newInstance(NativeConstructorAccessorImpl.java:78)
at java.base/jdk.internal.reflect.DelegatingConstructorAccessorImpl.newInstance(DelegatingConstructorAccessorImpl.java:45)
at java.base/java.lang.reflect.Constructor.newInstanceWithCaller(Constructor.java:499)
at java.base/java.lang.reflect.Constructor.newInstance(Constructor.java:480)
at org.openqa.selenium.remote.ErrorCodec.decode(ErrorCodec.java:167)
at org.openqa.selenium.remote.codec.w3c.W3CHttpResponseCodec.decode(W3CHttpResponseCodec.java:138)
at org.openqa.selenium.remote.codec.w3c.W3CHttpResponseCodec.decode(W3CHttpResponseCodec.java:50)
at org.openqa.selenium.remote.HttpCommandExecutor.execute(HttpCommandExecutor.java:190)
at org.openqa.selenium.remote.service.DriverCommandExecutor.invokeExecute(DriverCommandExecutor.java:216)
at org.openqa.selenium.remote.service.DriverCommandExecutor.execute(DriverCommandExecutor.java:174)
at org.openqa.selenium.remote.RemoteWebDriver.execute(RemoteWebDriver.java:545)
at org.openqa.selenium.remote.RemoteWebElement.execute(RemoteWebElement.java:223)
at org.openqa.selenium.remote.RemoteWebElement.isDisplayed(RemoteWebElement.java:282)
at org.openqa.selenium.support.ui.ExpectedConditions.elementIfVisible(ExpectedConditions.java:304)
at org.openqa.selenium.support.ui.ExpectedConditions$10.apply(ExpectedConditions.java:290)
at org.openqa.selenium.support.ui.ExpectedConditions$10.apply(ExpectedConditions.java:287)
at org.openqa.selenium.support.ui.FluentWait.until(FluentWait.java:203)
at sprint6_Rajesh.S6_70CreateLeadsWithoutMandatoryFields.s6_70_Create_Leads_Without_Mandatory_Fields(S6_70CreateLeadsWithoutMandatoryFields.java:32)
at sprint6_Test_Rajesh.S6_70_Create_Leads_Without_Mandatory_Fields.testCase_S6_70_Create_Leads_Without_Mandatory_Fields(S6_70_Create_Leads_Without_Mandatory_Fields.java:34)
at java.base/jdk.internal.reflect.NativeMethodAccessorImpl.invoke0(Native Method)
at java.base/jdk.internal.reflect.NativeMethodAccessorImpl.invoke(NativeMethodAccessorImpl.java:78)
at java.base/jdk.internal.reflect.DelegatingMethodAccessorImpl.invoke(DelegatingMethodAccessorImpl.java:43)
at java.base/java.lang.reflect.Method.invoke(Method.java:567)
at org.testng.internal.MethodInvocationHelper.invokeMethod(MethodInvocationHelper.java:133)
at org.testng.internal.TestInvoker.invokeMethod(TestInvoker.java:598)
at org.testng.internal.TestInvoker.retryFailed(TestInvoker.java:213)
at org.testng.internal.MethodRunner.runInSequence(MethodRunner.java:58)
at org.testng.internal.TestInvoker$MethodInvocationAgent.invoke(TestInvoker.java:824)
at org.testng.internal.TestInvoker.invokeTestMethods(TestInvoker.java:146)
at org.testng.internal.TestMethodWorker.invokeTestMethods(TestMethodWorker.java:146)
at org.testng.internal.TestMethodWorker.run(TestMethodWorker.java:128)
at java.base/java.util.concurrent.ThreadPoolExecutor.runWorker(ThreadPoolExecutor.java:1130)
at java.base/java.util.concurrent.ThreadPoolExecutor$Worker.run(ThreadPoolExecutor.java:630)
at java.base/java.lang.Thread.run(Thread.java:831)
]]>
            </full-stacktrace>
          </exception> <!-- org.openqa.selenium.StaleElementReferenceException -->
          <reporter-output>
          </reporter-output>
        </test-method> <!-- testCase_S6_70_Create_Leads_Without_Mandatory_Fields -->
        <test-method is-config="true" signature="tearDown()[pri:0, instance:sprint6_Test_Rajesh.S6_70_Create_Leads_Without_Mandatory_Fields@14028087]" started-at="2024-10-29T16:52:56 IST" name="tearDown" finished-at="2024-10-29T16:52:57 IST" duration-ms="448" status="PASS">
          <reporter-output>
          </reporter-output>
        </test-method> <!-- tearDown -->
        <test-method is-config="true" signature="browser(java.lang.String,java.lang.String)[pri:0, instance:sprint6_Test_Rajesh.S6_70_Create_Leads_Without_Mandatory_Fields@14028087]" started-at="2024-10-29T16:52:57 IST" name="browser" finished-at="2024-10-29T16:52:58 IST" duration-ms="1460" status="PASS">
          <params>
            <param index="0">
              <value>
                <![CDATA[chrome]]>
              </value>
            </param>
            <param index="1">
              <value>
                <![CDATA[false]]>
              </value>
            </param>
          </params>
          <reporter-output>
          </reporter-output>
        </test-method> <!-- browser -->
        <test-method signature="testCase_S6_70_Create_Leads_Without_Mandatory_Fields(java.lang.String,java.lang.String)[pri:0, instance:sprint6_Test_Rajesh.S6_70_Create_Leads_Without_Mandatory_Fields@14028087]" started-at="2024-10-29T16:52:58 IST" name="testCase_S6_70_Create_Leads_Without_Mandatory_Fields" finished-at="2024-10-29T16:53:10 IST" duration-ms="11987" status="PASS">
          <params>
            <param index="0">
              <value>
                <![CDATA[gokul.sekar@testleaf.com]]>
              </value>
            </param>
            <param index="1">
              <value>
                <![CDATA[Leaf@123]]>
              </value>
            </param>
          </params>
          <reporter-output>
          </reporter-output>
        </test-method> <!-- testCase_S6_70_Create_Leads_Without_Mandatory_Fields -->
        <test-method is-config="true" signature="tearDown()[pri:0, instance:sprint6_Test_Rajesh.S6_70_Create_Leads_Without_Mandatory_Fields@14028087]" started-at="2024-10-29T16:53:10 IST" name="tearDown" finished-at="2024-10-29T16:53:10 IST" duration-ms="403" status="PASS">
          <reporter-output>
          </reporter-output>
        </test-method> <!-- tearDown -->
      </class> <!-- sprint6_Test_Rajesh.S6_70_Create_Leads_Without_Mandatory_Fields -->
      <class name="sprint6_Test_Rajesh.S6_72_Edit_Contract">
        <test-method is-config="true" signature="browser(java.lang.String,java.lang.String)[pri:0, instance:sprint6_Test_Rajesh.S6_72_Edit_Contract@1caa0244]" started-at="2024-10-29T16:53:24 IST" name="browser" finished-at="2024-10-29T16:53:26 IST" duration-ms="1574" status="PASS">
          <params>
            <param index="0">
              <value>
                <![CDATA[chrome]]>
              </value>
            </param>
            <param index="1">
              <value>
                <![CDATA[false]]>
              </value>
            </param>
          </params>
          <reporter-output>
          </reporter-output>
        </test-method> <!-- browser -->
        <test-method signature="testCase_S6_72_Edit_Contract(java.lang.String,java.lang.String)[pri:0, instance:sprint6_Test_Rajesh.S6_72_Edit_Contract@1caa0244]" started-at="2024-10-29T16:53:26 IST" name="testCase_S6_72_Edit_Contract" depends-on-groups="createContract" finished-at="2024-10-29T16:53:41 IST" duration-ms="14795" status="PASS">
          <params>
            <param index="0">
              <value>
                <![CDATA[gokul.sekar@testleaf.com]]>
              </value>
            </param>
            <param index="1">
              <value>
                <![CDATA[Leaf@123]]>
              </value>
            </param>
          </params>
          <reporter-output>
          </reporter-output>
        </test-method> <!-- testCase_S6_72_Edit_Contract -->
        <test-method is-config="true" signature="tearDown()[pri:0, instance:sprint6_Test_Rajesh.S6_72_Edit_Contract@1caa0244]" started-at="2024-10-29T16:53:41 IST" name="tearDown" finished-at="2024-10-29T16:53:41 IST" duration-ms="383" status="PASS">
          <reporter-output>
          </reporter-output>
        </test-method> <!-- tearDown -->
      </class> <!-- sprint6_Test_Rajesh.S6_72_Edit_Contract -->
      <class name="sprint6_Test_Rajesh.S6_71_Create_New_Contract">
        <test-method is-config="true" signature="browser(java.lang.String,java.lang.String)[pri:0, instance:sprint6_Test_Rajesh.S6_71_Create_New_Contract@cecf639]" started-at="2024-10-29T16:52:52 IST" name="browser" finished-at="2024-10-29T16:52:54 IST" duration-ms="2213" status="PASS">
          <params>
            <param index="0">
              <value>
                <![CDATA[chrome]]>
              </value>
            </param>
            <param index="1">
              <value>
                <![CDATA[false]]>
              </value>
            </param>
          </params>
          <reporter-output>
          </reporter-output>
        </test-method> <!-- browser -->
        <test-method signature="testCase_S6_71_Create_New_Contract(java.lang.String,java.lang.String)[pri:0, instance:sprint6_Test_Rajesh.S6_71_Create_New_Contract@cecf639]" started-at="2024-10-29T16:52:54 IST" name="testCase_S6_71_Create_New_Contract" finished-at="2024-10-29T16:53:24 IST" duration-ms="29476" status="PASS">
          <params>
            <param index="0">
              <value>
                <![CDATA[gokul.sekar@testleaf.com]]>
              </value>
            </param>
            <param index="1">
              <value>
                <![CDATA[Leaf@123]]>
              </value>
            </param>
          </params>
          <reporter-output>
          </reporter-output>
        </test-method> <!-- testCase_S6_71_Create_New_Contract -->
        <test-method is-config="true" signature="tearDown()[pri:0, instance:sprint6_Test_Rajesh.S6_71_Create_New_Contract@cecf639]" started-at="2024-10-29T16:53:24 IST" name="tearDown" finished-at="2024-10-29T16:53:24 IST" duration-ms="415" status="PASS">
          <reporter-output>
          </reporter-output>
        </test-method> <!-- tearDown -->
      </class> <!-- sprint6_Test_Rajesh.S6_71_Create_New_Contract -->
      <class name="sprint6_Test_Rajesh.S6_019_Create_Contact">
        <test-method is-config="true" signature="browser(java.lang.String,java.lang.String)[pri:0, instance:sprint6_Test_Rajesh.S6_019_Create_Contact@353352b6]" started-at="2024-10-29T16:52:00 IST" name="browser" finished-at="2024-10-29T16:52:03 IST" duration-ms="2491" status="PASS">
          <params>
            <param index="0">
              <value>
                <![CDATA[chrome]]>
              </value>
            </param>
            <param index="1">
              <value>
                <![CDATA[false]]>
              </value>
            </param>
          </params>
          <reporter-output>
          </reporter-output>
        </test-method> <!-- browser -->
        <test-method signature="testCase_S6_019_Create_Contact(java.lang.String,java.lang.String)[pri:0, instance:sprint6_Test_Rajesh.S6_019_Create_Contact@353352b6]" started-at="2024-10-29T16:52:03 IST" name="testCase_S6_019_Create_Contact" finished-at="2024-10-29T16:52:22 IST" duration-ms="19142" status="PASS">
          <params>
            <param index="0">
              <value>
                <![CDATA[gokul.sekar@testleaf.com]]>
              </value>
            </param>
            <param index="1">
              <value>
                <![CDATA[Leaf@123]]>
              </value>
            </param>
          </params>
          <reporter-output>
          </reporter-output>
        </test-method> <!-- testCase_S6_019_Create_Contact -->
        <test-method is-config="true" signature="tearDown()[pri:0, instance:sprint6_Test_Rajesh.S6_019_Create_Contact@353352b6]" started-at="2024-10-29T16:52:22 IST" name="tearDown" finished-at="2024-10-29T16:52:22 IST" duration-ms="430" status="PASS">
          <reporter-output>
          </reporter-output>
        </test-method> <!-- tearDown -->
      </class> <!-- sprint6_Test_Rajesh.S6_019_Create_Contact -->
      <class name="sprint6_Test_Rajesh.S6_037_VerifyAppStoreLoadedToDownloadSalesForceAStory">
        <test-method is-config="true" signature="browser(java.lang.String,java.lang.String)[pri:0, instance:sprint6_Test_Rajesh.S6_037_VerifyAppStoreLoadedToDownloadSalesForceAStory@2767e23c]" started-at="2024-10-29T16:52:00 IST" name="browser" finished-at="2024-10-29T16:52:02 IST" duration-ms="2440" status="PASS">
          <params>
            <param index="0">
              <value>
                <![CDATA[chrome]]>
              </value>
            </param>
            <param index="1">
              <value>
                <![CDATA[false]]>
              </value>
            </param>
          </params>
          <reporter-output>
          </reporter-output>
        </test-method> <!-- browser -->
        <test-method signature="testCase_S6_037_VerifyAppStoreLoadedToDownloadSalesForceAStory(java.lang.String,java.lang.String)[pri:0, instance:sprint6_Test_Rajesh.S6_037_VerifyAppStoreLoadedToDownloadSalesForceAStory@2767e23c]" started-at="2024-10-29T16:52:02 IST" name="testCase_S6_037_VerifyAppStoreLoadedToDownloadSalesForceAStory" finished-at="2024-10-29T16:52:52 IST" duration-ms="49650" status="PASS">
          <params>
            <param index="0">
              <value>
                <![CDATA[gokul.sekar@testleaf.com]]>
              </value>
            </param>
            <param index="1">
              <value>
                <![CDATA[Leaf@123]]>
              </value>
            </param>
          </params>
          <reporter-output>
          </reporter-output>
        </test-method> <!-- testCase_S6_037_VerifyAppStoreLoadedToDownloadSalesForceAStory -->
        <test-method is-config="true" signature="tearDown()[pri:0, instance:sprint6_Test_Rajesh.S6_037_VerifyAppStoreLoadedToDownloadSalesForceAStory@2767e23c]" started-at="2024-10-29T16:52:52 IST" name="tearDown" finished-at="2024-10-29T16:52:52 IST" duration-ms="0" status="PASS">
          <reporter-output>
          </reporter-output>
        </test-method> <!-- tearDown -->
      </class> <!-- sprint6_Test_Rajesh.S6_037_VerifyAppStoreLoadedToDownloadSalesForceAStory -->
    </test> <!-- sprint6_Jira_Rajesh -->
  </suite> <!-- Suite -->
</testng-results>
