<?xml version="1.0" encoding="UTF-8"?>
<testng-results retried="1" ignored="0" total="2" passed="1" failed="0" skipped="0">
  <reporter-output>
  </reporter-output>
  <suite started-at="2024-10-20T11:33:50 IST" name="Default suite" finished-at="2024-10-20T11:34:32 IST" duration-ms="42450">
    <groups>
    </groups>
    <test started-at="2024-10-20T11:33:50 IST" name="Default test" finished-at="2024-10-20T11:34:32 IST" duration-ms="42450">
      <class name="sprint6_Test_Rajesh.S6_013_Create_Case_Without_Mandatory_Fields">
        <test-method is-config="true" signature="chromeInitiate()[pri:0, instance:sprint6_Test_Rajesh.S6_013_Create_Case_Without_Mandatory_Fields@3527942a]" started-at="2024-10-20T11:33:50 IST" name="chromeInitiate" finished-at="2024-10-20T11:33:51 IST" duration-ms="1477" status="PASS">
          <reporter-output>
          </reporter-output>
        </test-method> <!-- chromeInitiate -->
        <test-method retried="true" signature="testCase_S6_013_Create_Case_Without_Mandatory_Fields()[pri:0, instance:sprint6_Test_Rajesh.S6_013_Create_Case_Without_Mandatory_Fields@3527942a]" started-at="2024-10-20T11:33:51 IST" name="testCase_S6_013_Create_Case_Without_Mandatory_Fields" finished-at="2024-10-20T11:34:16 IST" duration-ms="24609" status="SKIP">
          <exception class="org.openqa.selenium.ElementClickInterceptedException">
            <message>
              <![CDATA[element click intercepted: Element <p style="display: inline" class="slds-truncate" lwc-4nfn2rc40ch="">...</p> is not clickable at point (658, 444). Other element would receive the click: <lightning-spinner lwc-72pl72prujq="" size="medium" variant="brand" class="slds-spinner_container" lwc-47dd688sbro-host=""></lightning-spinner>
  (Session info: chrome=129.0.6668.101)
Build info: version: '4.25.0', revision: '8a8aea2337'
System info: os.name: 'Windows 10', os.arch: 'amd64', os.version: '10.0', java.version: '16.0.1'
Driver info: org.openqa.selenium.chrome.ChromeDriver
Command: [1e6a0f388df766171072a281d67028de, clickElement {id=f.67408906F4B18803FA1CD298A8A26FCA.d.6693BD58F4EA9B2891705BA11D9061A5.e.119}]
Capabilities {acceptInsecureCerts: false, browserName: chrome, browserVersion: 129.0.6668.101, chrome: {chromedriverVersion: 129.0.6668.100 (cf58cba358d..., userDataDir: C:\Users\rajes\AppData\Loca...}, fedcm:accounts: true, goog:chromeOptions: {debuggerAddress: localhost:61529}, networkConnectionEnabled: false, pageLoadStrategy: normal, platformName: windows, proxy: Proxy(), se:cdp: ws://localhost:61529/devtoo..., se:cdpVersion: 129.0.6668.101, setWindowRect: true, strictFileInteractability: false, timeouts: {implicit: 0, pageLoad: 300000, script: 30000}, unhandledPromptBehavior: dismiss and notify, webauthn:extension:credBlob: true, webauthn:extension:largeBlob: true, webauthn:extension:minPinLength: true, webauthn:extension:prf: true, webauthn:virtualAuthenticators: true}
Element: [[ChromeDriver: chrome on windows (1e6a0f388df766171072a281d67028de)] -> xpath: //p[text()='Sales']]
Session ID: 1e6a0f388df766171072a281d67028de]]>
            </message>
            <full-stacktrace>
              <![CDATA[org.openqa.selenium.ElementClickInterceptedException: element click intercepted: Element <p style="display: inline" class="slds-truncate" lwc-4nfn2rc40ch="">...</p> is not clickable at point (658, 444). Other element would receive the click: <lightning-spinner lwc-72pl72prujq="" size="medium" variant="brand" class="slds-spinner_container" lwc-47dd688sbro-host=""></lightning-spinner>
  (Session info: chrome=129.0.6668.101)
Build info: version: '4.25.0', revision: '8a8aea2337'
System info: os.name: 'Windows 10', os.arch: 'amd64', os.version: '10.0', java.version: '16.0.1'
Driver info: org.openqa.selenium.chrome.ChromeDriver
Command: [1e6a0f388df766171072a281d67028de, clickElement {id=f.67408906F4B18803FA1CD298A8A26FCA.d.6693BD58F4EA9B2891705BA11D9061A5.e.119}]
Capabilities {acceptInsecureCerts: false, browserName: chrome, browserVersion: 129.0.6668.101, chrome: {chromedriverVersion: 129.0.6668.100 (cf58cba358d..., userDataDir: C:\Users\rajes\AppData\Loca...}, fedcm:accounts: true, goog:chromeOptions: {debuggerAddress: localhost:61529}, networkConnectionEnabled: false, pageLoadStrategy: normal, platformName: windows, proxy: Proxy(), se:cdp: ws://localhost:61529/devtoo..., se:cdpVersion: 129.0.6668.101, setWindowRect: true, strictFileInteractability: false, timeouts: {implicit: 0, pageLoad: 300000, script: 30000}, unhandledPromptBehavior: dismiss and notify, webauthn:extension:credBlob: true, webauthn:extension:largeBlob: true, webauthn:extension:minPinLength: true, webauthn:extension:prf: true, webauthn:virtualAuthenticators: true}
Element: [[ChromeDriver: chrome on windows (1e6a0f388df766171072a281d67028de)] -> xpath: //p[text()='Sales']]
Session ID: 1e6a0f388df766171072a281d67028de
at java.base/jdk.internal.reflect.NativeConstructorAccessorImpl.newInstance0(Native Method)
at java.base/jdk.internal.reflect.NativeConstructorAccessorImpl.newInstance(NativeConstructorAccessorImpl.java:78)
at java.base/jdk.internal.reflect.DelegatingConstructorAccessorImpl.newInstance(DelegatingConstructorAccessorImpl.java:45)
at java.base/java.lang.reflect.Constructor.newInstanceWithCaller(Constructor.java:499)
at java.base/java.lang.reflect.Constructor.newInstance(Constructor.java:480)
at org.openqa.selenium.remote.ErrorCodec.decode(ErrorCodec.java:167)
at org.openqa.selenium.remote.codec.w3c.W3CHttpResponseCodec.decode(W3CHttpResponseCodec.java:138)
at org.openqa.selenium.remote.codec.w3c.W3CHttpResponseCodec.decode(W3CHttpResponseCodec.java:50)
at org.openqa.selenium.remote.HttpCommandExecutor.execute(HttpCommandExecutor.java:190)
at org.openqa.selenium.remote.service.DriverCommandExecutor.invokeExecute(DriverCommandExecutor.java:216)
at org.openqa.selenium.remote.service.DriverCommandExecutor.execute(DriverCommandExecutor.java:174)
at org.openqa.selenium.remote.RemoteWebDriver.execute(RemoteWebDriver.java:545)
at org.openqa.selenium.remote.RemoteWebElement.execute(RemoteWebElement.java:223)
at org.openqa.selenium.remote.RemoteWebElement.click(RemoteWebElement.java:76)
at sprint6_Rajesh.S6_13CreateCaseWithoutMandatoryFields.s6_013_Create_Case_Without_Mandatory_Fields(S6_13CreateCaseWithoutMandatoryFields.java:36)
at sprint6_Test_Rajesh.S6_013_Create_Case_Without_Mandatory_Fields.testCase_S6_013_Create_Case_Without_Mandatory_Fields(S6_013_Create_Case_Without_Mandatory_Fields.java:17)
at java.base/jdk.internal.reflect.NativeMethodAccessorImpl.invoke0(Native Method)
at java.base/jdk.internal.reflect.NativeMethodAccessorImpl.invoke(NativeMethodAccessorImpl.java:78)
at java.base/jdk.internal.reflect.DelegatingMethodAccessorImpl.invoke(DelegatingMethodAccessorImpl.java:43)
at java.base/java.lang.reflect.Method.invoke(Method.java:567)
at org.testng.internal.MethodInvocationHelper.invokeMethod(MethodInvocationHelper.java:133)
at org.testng.internal.TestInvoker.invokeMethod(TestInvoker.java:598)
at org.testng.internal.TestInvoker.invokeTestMethod(TestInvoker.java:173)
at org.testng.internal.MethodRunner.runInSequence(MethodRunner.java:46)
at org.testng.internal.TestInvoker$MethodInvocationAgent.invoke(TestInvoker.java:824)
at org.testng.internal.TestInvoker.invokeTestMethods(TestInvoker.java:146)
at org.testng.internal.TestMethodWorker.invokeTestMethods(TestMethodWorker.java:146)
at org.testng.internal.TestMethodWorker.run(TestMethodWorker.java:128)
at java.base/java.util.ArrayList.forEach(ArrayList.java:1511)
at org.testng.TestRunner.privateRun(TestRunner.java:794)
at org.testng.TestRunner.run(TestRunner.java:596)
at org.testng.SuiteRunner.runTest(SuiteRunner.java:377)
at org.testng.SuiteRunner.runSequentially(SuiteRunner.java:371)
at org.testng.SuiteRunner.privateRun(SuiteRunner.java:332)
at org.testng.SuiteRunner.run(SuiteRunner.java:276)
at org.testng.SuiteRunnerWorker.runSuite(SuiteRunnerWorker.java:53)
at org.testng.SuiteRunnerWorker.run(SuiteRunnerWorker.java:96)
at org.testng.TestNG.runSuitesSequentially(TestNG.java:1212)
at org.testng.TestNG.runSuitesLocally(TestNG.java:1134)
at org.testng.TestNG.runSuites(TestNG.java:1063)
at org.testng.TestNG.run(TestNG.java:1031)
at org.testng.remote.AbstractRemoteTestNG.run(AbstractRemoteTestNG.java:115)
at org.testng.remote.RemoteTestNG.initAndRun(RemoteTestNG.java:251)
at org.testng.remote.RemoteTestNG.main(RemoteTestNG.java:77)
]]>
            </full-stacktrace>
          </exception> <!-- org.openqa.selenium.ElementClickInterceptedException -->
          <reporter-output>
          </reporter-output>
        </test-method> <!-- testCase_S6_013_Create_Case_Without_Mandatory_Fields -->
        <test-method is-config="true" signature="tearDown()[pri:0, instance:sprint6_Test_Rajesh.S6_013_Create_Case_Without_Mandatory_Fields@3527942a]" started-at="2024-10-20T11:34:16 IST" name="tearDown" finished-at="2024-10-20T11:34:16 IST" duration-ms="236" status="PASS">
          <reporter-output>
          </reporter-output>
        </test-method> <!-- tearDown -->
        <test-method is-config="true" signature="chromeInitiate()[pri:0, instance:sprint6_Test_Rajesh.S6_013_Create_Case_Without_Mandatory_Fields@3527942a]" started-at="2024-10-20T11:34:16 IST" name="chromeInitiate" finished-at="2024-10-20T11:34:17 IST" duration-ms="1061" status="PASS">
          <reporter-output>
          </reporter-output>
        </test-method> <!-- chromeInitiate -->
        <test-method signature="testCase_S6_013_Create_Case_Without_Mandatory_Fields()[pri:0, instance:sprint6_Test_Rajesh.S6_013_Create_Case_Without_Mandatory_Fields@3527942a]" started-at="2024-10-20T11:34:17 IST" name="testCase_S6_013_Create_Case_Without_Mandatory_Fields" finished-at="2024-10-20T11:34:32 IST" duration-ms="14840" status="PASS">
          <reporter-output>
          </reporter-output>
        </test-method> <!-- testCase_S6_013_Create_Case_Without_Mandatory_Fields -->
        <test-method is-config="true" signature="tearDown()[pri:0, instance:sprint6_Test_Rajesh.S6_013_Create_Case_Without_Mandatory_Fields@3527942a]" started-at="2024-10-20T11:34:32 IST" name="tearDown" finished-at="2024-10-20T11:34:32 IST" duration-ms="196" status="PASS">
          <reporter-output>
          </reporter-output>
        </test-method> <!-- tearDown -->
      </class> <!-- sprint6_Test_Rajesh.S6_013_Create_Case_Without_Mandatory_Fields -->
    </test> <!-- Default test -->
  </suite> <!-- Default suite -->
</testng-results>
