<?xml version="1.0" encoding="UTF-8"?>
<testng-results ignored="0" total="1" passed="1" failed="0" skipped="0">
  <reporter-output>
  </reporter-output>
  <suite started-at="2024-10-19T02:47:22 IST" name="Default suite" finished-at="2024-10-19T02:48:15 IST" duration-ms="53278">
    <groups>
    </groups>
    <test started-at="2024-10-19T02:47:22 IST" name="Default test" finished-at="2024-10-19T02:48:15 IST" duration-ms="53278">
      <class name="sdet_FirstClass.AttachDocument">
        <test-method signature="deleteLegalMethod()[pri:0, instance:sdet_FirstClass.AttachDocument@1c55f277]" started-at="2024-10-19T02:47:22 IST" name="deleteLegalMethod" finished-at="2024-10-19T02:48:15 IST" duration-ms="52683" status="PASS">
          <reporter-output>
          </reporter-output>
        </test-method> <!-- deleteLegalMethod -->
        <test-method is-config="true" signature="afterMethod()[pri:0, instance:sdet_FirstClass.AttachDocument@1c55f277]" started-at="2024-10-19T02:48:15 IST" name="afterMethod" finished-at="2024-10-19T02:48:15 IST" duration-ms="554" status="PASS">
          <reporter-output>
          </reporter-output>
        </test-method> <!-- afterMethod -->
      </class> <!-- sdet_FirstClass.AttachDocument -->
    </test> <!-- Default test -->
  </suite> <!-- Default suite -->
</testng-results>
