<?xml version="1.0" encoding="UTF-8"?>
<testng-results ignored="0" total="1" passed="1" failed="0" skipped="0">
  <reporter-output>
  </reporter-output>
  <suite started-at="2024-10-20T17:06:11 IST" name="Default suite" finished-at="2024-10-20T17:07:10 IST" duration-ms="58953">
    <groups>
    </groups>
    <test started-at="2024-10-20T17:06:11 IST" name="Default test" finished-at="2024-10-20T17:07:10 IST" duration-ms="58953">
      <class name="sprint6_Gokul.DeleteAccount03">
        <test-method signature="deleteAccMethod()[pri:0, instance:sprint6_Gokul.DeleteAccount03@58695725]" started-at="2024-10-20T17:06:11 IST" name="deleteAccMethod" finished-at="2024-10-20T17:07:10 IST" duration-ms="58913" status="PASS">
          <reporter-output>
          </reporter-output>
        </test-method> <!-- deleteAccMethod -->
      </class> <!-- sprint6_Gokul.DeleteAccount03 -->
    </test> <!-- Default test -->
  </suite> <!-- Default suite -->
</testng-results>
